[debug] [2022-03-13T14:15:41.062Z] ----------------------------------------------------------------------
[debug] [2022-03-13T14:15:41.063Z] Command:       /Users/natalyst/.nvm/versions/node/v15.14.0/bin/node /Users/natalyst/.nvm/versions/node/v15.14.0/bin/firebase init
[debug] [2022-03-13T14:15:41.063Z] CLI Version:   10.2.0
[debug] [2022-03-13T14:15:41.064Z] Platform:      darwin
[debug] [2022-03-13T14:15:41.064Z] Node Version:  v15.14.0
[debug] [2022-03-13T14:15:41.073Z] Time:          Sun Mar 13 2022 21:15:41 GMT+0700 (Indochina Time)
[debug] [2022-03-13T14:15:41.073Z] ----------------------------------------------------------------------
[debug] 
[debug] [2022-03-13T14:15:41.076Z] >>> [apiv2][query] GET https://firebase-public.firebaseio.com/cli.json [none]
[debug] [2022-03-13T14:15:41.092Z] > command requires scopes: ["email","openid","https://www.googleapis.com/auth/cloudplatformprojects.readonly","https://www.googleapis.com/auth/firebase","https://www.googleapis.com/auth/cloud-platform"]
[debug] [2022-03-13T14:15:41.092Z] > authorizing via signed-in user (nattapong.anuwong@gmail.com)
[info] 
     ######## #### ########  ######## ########     ###     ######  ########
     ##        ##  ##     ## ##       ##     ##  ##   ##  ##       ##
     ######    ##  ########  ######   ########  #########  ######  ######
     ##        ##  ##    ##  ##       ##     ## ##     ##       ## ##
     ##       #### ##     ## ######## ########  ##     ##  ######  ########

You're about to initialize a Firebase project in this directory:

  /Users/natalyst/Desktop/2048-game

[debug] [2022-03-13T14:15:41.999Z] <<< [apiv2][status] GET https://firebase-public.firebaseio.com/cli.json 200
[debug] [2022-03-13T14:15:42.000Z] <<< [apiv2][body] GET https://firebase-public.firebaseio.com/cli.json {"cloudBuildErrorAfter":1594252800000,"cloudBuildWarnAfter":1590019200000,"defaultNode10After":1594252800000,"minVersion":"3.0.5","node8DeploysDisabledAfter":1613390400000,"node8RuntimeDisabledAfter":1615809600000,"node8WarnAfter":1600128000000}
